[2024-01-22 11:07:08.324] [global] [info] [download_tool.hh:32] Failed to create download for tool  with error 'yarn' has no matching download for current os/cpu @ version:1.22.19
[2024-01-22 11:07:08.327] [global] [info] [download_tool.hh:32] Failed to create download for tool  with error 'action-validator' has no matching download for current os/cpu @ version:0.5.3
[2024-01-22 11:07:08.328] [global] [info] [download_tool.hh:32] Failed to create download for tool  with error 'adr' has no matching download for current os/cpu @ version:3.0.0
[2024-01-22 11:07:08.328] [global] [info] [download_tool.hh:32] Failed to create download for tool  with error 'air' has no matching download for current os/cpu @ version:1.44.0
[2024-01-22 11:07:08.332] [global] [info] [download_tool.hh:32] Failed to create download for tool  with error 'swiftlint' has no matching download for current os/cpu @ version:0.49.1
[2024-01-22 11:07:08.333] [global] [info] [download_tool.hh:32] Failed to create download for tool  with error 'istioctl' has no matching download for current os/cpu @ version:1.14.6
[2024-01-22 11:07:08.336] [global] [info] [download_tool.hh:32] Failed to create download for tool  with error 'include-what-you-use' has no matching download for current os/cpu @ version:0.20
[2024-01-22 11:07:08.338] [global] [info] [download_tool.hh:32] Failed to create download for tool  with error 'clang-tidy' has no matching download for current os/cpu @ version:16.0.3
[2024-01-22 11:07:08.338] [global] [info] [download_tool.hh:32] Failed to create download for tool  with error 'stringslint' has no matching download for current os/cpu @ version:0.1.1
[2024-01-22 11:07:08.340] [global] [info] [download_tool.hh:32] Failed to create download for tool  with error 'swiftformat' has no matching download for current os/cpu @ version:0.50.0
[2024-01-22 11:07:08.342] [global] [info] [download_tool.hh:32] Failed to create download for tool  with error 'shellcheck' has no matching download for current os/cpu @ version:0.8.0
[2024-01-22 11:07:08.342] [global] [info] [download_tool.hh:32] Failed to create download for tool  with error 'clang-format' has no matching download for current os/cpu @ version:14.0.1
[2024-01-22 11:07:08.342] [global] [info] [download_tool.hh:32] Failed to create download for tool  with error 'amazon-ecr-credential-helper' has no matching download for current os/cpu @ version:0.7.0
[2024-01-22 11:07:08.343] [global] [info] [download_tool.hh:32] Failed to create download for tool  with error 'assh' has no matching download for current os/cpu @ version:2.10.0
[2024-01-22 11:07:08.347] [global] [info] [service.cc:115] Notifications config has not changed
[2024-01-22 11:07:08.358] [global] [info] [service.cc:49] Tools config updated; updating tools
[2024-01-22 11:07:22.851] [global] [info] [service.cc:105] CLI version change; do not run file-triggered actions
[2024-01-22 11:07:22.854] [global] [info] [service.cc:36] CLI version change; do not update tools
[2024-01-22 11:07:22.889] [global] [info] [app_context.cc:392] TryGetTrunkConfigPb failed
[2024-01-22 11:07:22.889] [global] [info] [app_context.cc:392] TryGetTrunkConfigPb failed
[2024-01-22 11:07:22.890] [global] [info] [app_context.cc:392] TryGetTrunkConfigPb failed
[2024-01-22 11:07:22.894] [global] [info] [app_context.cc:392] TryGetTrunkConfigPb failed
[2024-01-22 11:07:24.082] [global] [info] [app_context.cc:392] TryGetTrunkConfigPb failed
[2024-01-22 11:07:24.082] [global] [info] [app_context.cc:392] TryGetTrunkConfigPb failed
[2024-01-22 11:07:24.083] [global] [info] [app_context.cc:392] TryGetTrunkConfigPb failed
[2024-01-22 11:07:24.084] [global] [info] [app_context.cc:392] TryGetTrunkConfigPb failed
[2024-01-22 11:07:37.178] [global] [info] [app_context.cc:392] TryGetTrunkConfigPb failed
[2024-01-22 11:07:37.178] [global] [info] [app_context.cc:392] TryGetTrunkConfigPb failed
[2024-01-22 11:07:37.179] [global] [info] [app_context.cc:392] TryGetTrunkConfigPb failed
[2024-01-22 11:07:37.180] [global] [info] [app_context.cc:392] TryGetTrunkConfigPb failed
[2024-01-22 11:07:46.181] [global] [info] [app_context.cc:392] TryGetTrunkConfigPb failed
[2024-01-22 11:07:46.181] [global] [info] [app_context.cc:392] TryGetTrunkConfigPb failed
[2024-01-22 11:07:46.182] [global] [info] [app_context.cc:392] TryGetTrunkConfigPb failed
[2024-01-22 11:07:46.183] [global] [info] [app_context.cc:392] TryGetTrunkConfigPb failed
[2024-01-22 11:07:50.701] [global] [info] [app_context.cc:392] TryGetTrunkConfigPb failed
[2024-01-22 11:07:50.701] [global] [info] [app_context.cc:392] TryGetTrunkConfigPb failed
[2024-01-22 11:07:50.702] [global] [info] [app_context.cc:392] TryGetTrunkConfigPb failed
[2024-01-22 11:07:50.703] [global] [info] [app_context.cc:392] TryGetTrunkConfigPb failed
[2024-01-22 11:07:55.351] [global] [info] [app_context.cc:392] TryGetTrunkConfigPb failed
[2024-01-22 11:07:55.351] [global] [info] [app_context.cc:392] TryGetTrunkConfigPb failed
[2024-01-22 11:07:55.353] [global] [info] [app_context.cc:392] TryGetTrunkConfigPb failed
[2024-01-22 11:07:55.354] [global] [info] [app_context.cc:392] TryGetTrunkConfigPb failed
